
 Quartz v4.4.0 

Backing up your content
[v4 cf46588] Quartz sync: Nov 19, 2024, 11:56 AM
 Committer: Ajit Mehrotra <ajitmehrotra@Ajits-MacBook-Air.local>
Your name and email address were configured automatically based
on your username and hostname. Please check that they are accurate.
You can suppress this message by setting them explicitly. Run the
following command and follow the instructions in your editor to edit
your configuration file:

    git config --global --edit

After doing this, you may fix the identity used for this commit with:

    git commit --amend --reset-author

 1 file changed, 4 insertions(+)
 create mode 100644 obsidian-git-logs.log
Pulling updates from your repository. You may need to resolve some `git` conflicts if you've made changes to components or plugins.
Already up to date.
Pushing your changes
branch 'v4' set up to track 'origin/v4'.
Done!

 Quartz v4.4.0 

Backing up your content
[v4 6d0dbd4] Quartz sync: Nov 19, 2024, 12:38 PM
 Committer: Ajit Mehrotra <ajitmehrotra@Ajits-MacBook-Air.local>
Your name and email address were configured automatically based
on your username and hostname. Please check that they are accurate.
You can suppress this message by setting them explicitly. Run the
following command and follow the instructions in your editor to edit
your configuration file:

    git config --global --edit

After doing this, you may fix the identity used for this commit with:

    git commit --amend --reset-author

 2 files changed, 26 insertions(+)
 create mode 100644 content/ai-summarized apple notes/Your mom.md
Pulling updates from your repository. You may need to resolve some `git` conflicts if you've made changes to components or plugins.
Already up to date.
Pushing your changes
branch 'v4' set up to track 'origin/v4'.
Done!

 Quartz v4.4.0 

Backing up your content
[v4 cf4420c] Quartz sync: Nov 19, 2024, 12:40 PM
 Committer: Ajit Mehrotra <ajitmehrotra@Ajits-MacBook-Air.local>
Your name and email address were configured automatically based
on your username and hostname. Please check that they are accurate.
You can suppress this message by setting them explicitly. Run the
following command and follow the instructions in your editor to edit
your configuration file:

    git config --global --edit

After doing this, you may fix the identity used for this commit with:

    git commit --amend --reset-author

 2 files changed, 26 insertions(+)
 create mode 100644 content/tera.md
Pulling updates from your repository. You may need to resolve some `git` conflicts if you've made changes to components or plugins.
Already up to date.
Pushing your changes
branch 'v4' set up to track 'origin/v4'.
Done!

 Quartz v4.4.0 

Backing up your content
